#
# There is insufficient memory for the Java Runtime Environment to continue.
# Native memory allocation (mmap) failed to map 132120576 bytes. Error detail: G1 virtual space
# Possible reasons:
#   The system is out of physical RAM or swap space
#   This process is running with CompressedOops enabled, and the Java Heap may be blocking the growth of the native heap
# Possible solutions:
#   Reduce memory load on the system
#   Increase physical memory or swap space
#   Check if swap backing store is full
#   Decrease Java heap size (-Xmx/-Xms)
#   Decrease number of Java threads
#   Decrease Java thread stack sizes (-Xss)
#   Set larger code cache with -XX:ReservedCodeCacheSize=
#   JVM is running with Unscaled Compressed Oops mode in which the Java heap is
#     placed in the first 4GB address space. The Java Heap base address is the
#     maximum limit for the native heap growth. Please use -XX:HeapBaseMinAddress
#     to set the Java Heap base and to place the Java Heap above 4GB virtual address.
# This output file may be truncated or incomplete.
#
#  Out of Memory Error (os_windows.cpp:3631), pid=61128, tid=128728
#
# JRE version:  (22.0.1+8) (build )
# Java VM: OpenJDK 64-Bit Server VM (22.0.1+8-16, mixed mode, sharing, tiered, compressed oops, compressed class ptrs, g1 gc, windows-amd64)
# No core dump will be written. Minidumps are not enabled by default on client versions of Windows
#

---------------  S U M M A R Y ------------

Command Line: -javaagent:C:\Program Files\JetBrains\IntelliJ IDEA 2023.1.2\lib\idea_rt.jar=63036:C:\Program Files\JetBrains\IntelliJ IDEA 2023.1.2\bin -Dfile.encoding=UTF-8 -Dsun.stdout.encoding=UTF-8 -Dsun.stderr.encoding=UTF-8 org.views.Main

Host: 11th Gen Intel(R) Core(TM) i5-1135G7 @ 2.40GHz, 8 cores, 7G,  Windows 11 , 64 bit Build 22621 (10.0.22621.3958)
Time: Wed Sep 25 14:19:13 2024 Morocco Daylight Time elapsed time: 0.030241 seconds (0d 0h 0m 0s)

---------------  T H R E A D  ---------------

Current thread (0x000001a7c8306b70):  JavaThread "Unknown thread" [_thread_in_vm, id=128728, stack(0x000000933d700000,0x000000933d800000) (1024K)]

Stack: [0x000000933d700000,0x000000933d800000]
Native frames: (J=compiled Java code, j=interpreted, Vv=VM code, C=native code)
V  [jvm.dll+0x6e2279]  (no source info available)
V  [jvm.dll+0x874e33]  (no source info available)
V  [jvm.dll+0x87725e]  (no source info available)
V  [jvm.dll+0x877933]  (no source info available)
V  [jvm.dll+0x27fd76]  (no source info available)
V  [jvm.dll+0x6de915]  (no source info available)
V  [jvm.dll+0x6d341a]  (no source info available)
V  [jvm.dll+0x3589da]  (no source info available)
V  [jvm.dll+0x360f06]  (no source info available)
V  [jvm.dll+0x3b3e2e]  (no source info available)
V  [jvm.dll+0x3b40d8]  (no source info available)
V  [jvm.dll+0x32c59c]  (no source info available)
V  [jvm.dll+0x32d158]  (no source info available)
V  [jvm.dll+0x83ccdc]  (no source info available)
V  [jvm.dll+0x3c0d71]  (no source info available)
V  [jvm.dll+0x825ccc]  (no source info available)
V  [jvm.dll+0x45b8fe]  (no source info available)
V  [jvm.dll+0x45d781]  (no source info available)
C  [jli.dll+0x52a3]  (no source info available)
C  [ucrtbase.dll+0x29333]  (no source info available)
C  [KERNEL32.DLL+0x1257d]  (no source info available)
C  [ntdll.dll+0x5af28]  (no source info available)


---------------  P R O C E S S  ---------------

Threads class SMR info:
_java_thread_list=0x00007ffefbadb1c8, length=0, elements={
}

Java Threads: ( => current thread )
Total: 0

Other Threads:
  0x000001a7ca46ac70 WorkerThread "GC Thread#0"                     [id=128752, stack(0x000000933d800000,0x000000933d900000) (1024K)]
  0x000001a7ca477740 ConcurrentGCThread "G1 Main Marker"            [id=128756, stack(0x000000933d900000,0x000000933da00000) (1024K)]
  0x000001a7c83ce180 WorkerThread "G1 Conc#0"                       [id=128760, stack(0x000000933da00000,0x000000933db00000) (1024K)]

[error occurred during error reporting (printing all threads), id 0xc0000005, EXCEPTION_ACCESS_VIOLATION (0xc0000005) at pc=0x00007ffefb22f367]
VM state: not at safepoint (not fully initialized)

VM Mutex/Monitor currently owned by a thread:  ([mutex/lock_event])
[0x00007ffefbb5bcb8] Heap_lock - owner thread: 0x000001a7c8306b70

Heap address: 0x0000000083600000, size: 1994 MB, Compressed Oops mode: 32-bit

CDS archive(s) mapped at: [0x0000000000000000-0x0000000000000000-0x0000000000000000), size 0, SharedBaseAddress: 0x0000000800000000, ArchiveRelocationMode: 1.
Narrow klass base: 0x0000000000000000, Narrow klass shift: 0, Narrow klass range: 0x0

GC Precious Log:
 CardTable entry size: 512
 Card Set container configuration: InlinePtr #cards 5 size 8 Array Of Cards #cards 12 size 40 Howl #buckets 4 coarsen threshold 1843 Howl Bitmap #cards 512 size 80 coarsen threshold 460 Card regions per heap region 1 cards per card region 2048

Heap:
 garbage-first heap   total reserved 2041856K, committed 0K, used 0K [0x0000000083600000, 0x0000000100000000)
  region size 1024K, 0 young (0K), 0 survivors (0K)

[error occurred during error reporting (printing heap information), id 0xc0000005, EXCEPTION_ACCESS_VIOLATION (0xc0000005) at pc=0x00007ffefb62e429]
GC Heap History (0 events):
No events

Dll operation events (1 events):
Event: 0.021 Loaded shared library C:\Users\youcode\.jdks\openjdk-22.0.1\bin\java.dll

Deoptimization events (0 events):
No events

Classes loaded (0 events):
No events

Classes unloaded (0 events):
No events

Classes redefined (0 events):
No events

Internal exceptions (0 events):
No events

ZGC Phase Switch (0 events):
No events

VM Operations (0 events):
No events

Events (0 events):
No events


Dynamic libraries:
0x00007ff7e1a10000 - 0x00007ff7e1a1e000 	C:\Users\youcode\.jdks\openjdk-22.0.1\bin\java.exe
0x00007fffa8110000 - 0x00007fffa8327000 	C:\WINDOWS\SYSTEM32\ntdll.dll
0x00007fffa70b0000 - 0x00007fffa7174000 	C:\WINDOWS\System32\KERNEL32.DLL
0x00007fffa57e0000 - 0x00007fffa5b8d000 	C:\WINDOWS\System32\KERNELBASE.dll
0x00007fffa56c0000 - 0x00007fffa57d1000 	C:\WINDOWS\System32\ucrtbase.dll
0x00007fff85360000 - 0x00007fff85377000 	C:\Users\youcode\.jdks\openjdk-22.0.1\bin\jli.dll
0x00007fff812c0000 - 0x00007fff812db000 	C:\Users\youcode\.jdks\openjdk-22.0.1\bin\VCRUNTIME140.dll
0x00007fffa5ff0000 - 0x00007fffa619e000 	C:\WINDOWS\System32\USER32.dll
0x00007fffa5de0000 - 0x00007fffa5e06000 	C:\WINDOWS\System32\win32u.dll
0x00007fffa6660000 - 0x00007fffa6689000 	C:\WINDOWS\System32\GDI32.dll
0x00007fff86d00000 - 0x00007fff86f93000 	C:\WINDOWS\WinSxS\amd64_microsoft.windows.common-controls_6595b64144ccf1df_6.0.22621.3672_none_2713b9d173822955\COMCTL32.dll
0x00007fffa5430000 - 0x00007fffa5549000 	C:\WINDOWS\System32\gdi32full.dll
0x00007fffa7550000 - 0x00007fffa75f7000 	C:\WINDOWS\System32\msvcrt.dll
0x00007fffa5b90000 - 0x00007fffa5c2a000 	C:\WINDOWS\System32\msvcp_win.dll
0x00007fffa65a0000 - 0x00007fffa65d1000 	C:\WINDOWS\System32\IMM32.DLL
0x00007fff9f300000 - 0x00007fff9f30c000 	C:\Users\youcode\.jdks\openjdk-22.0.1\bin\vcruntime140_1.dll
0x00007fff5a750000 - 0x00007fff5a7de000 	C:\Users\youcode\.jdks\openjdk-22.0.1\bin\msvcp140.dll
0x00007ffefaef0000 - 0x00007ffefbc37000 	C:\Users\youcode\.jdks\openjdk-22.0.1\bin\server\jvm.dll
0x00007fffa7260000 - 0x00007fffa7312000 	C:\WINDOWS\System32\ADVAPI32.dll
0x00007fffa7e70000 - 0x00007fffa7f19000 	C:\WINDOWS\System32\sechost.dll
0x00007fffa5e10000 - 0x00007fffa5e38000 	C:\WINDOWS\System32\bcrypt.dll
0x00007fffa7430000 - 0x00007fffa7544000 	C:\WINDOWS\System32\RPCRT4.dll
0x00007fffa71e0000 - 0x00007fffa7251000 	C:\WINDOWS\System32\WS2_32.dll
0x00007fff9c500000 - 0x00007fff9c50a000 	C:\WINDOWS\SYSTEM32\VERSION.dll
0x00007fffa4d60000 - 0x00007fffa4dad000 	C:\WINDOWS\SYSTEM32\POWRPROF.dll
0x00007fffa1500000 - 0x00007fffa1534000 	C:\WINDOWS\SYSTEM32\WINMM.dll
0x00007fffa4d40000 - 0x00007fffa4d53000 	C:\WINDOWS\SYSTEM32\UMPDC.dll
0x00007fffa4440000 - 0x00007fffa4458000 	C:\WINDOWS\SYSTEM32\kernel.appcore.dll
0x00007fff98b50000 - 0x00007fff98b5a000 	C:\Users\youcode\.jdks\openjdk-22.0.1\bin\jimage.dll
0x00007fff9dda0000 - 0x00007fff9dfd2000 	C:\WINDOWS\SYSTEM32\DBGHELP.DLL
0x00007fffa6210000 - 0x00007fffa659e000 	C:\WINDOWS\System32\combase.dll
0x00007fffa6ac0000 - 0x00007fffa6b97000 	C:\WINDOWS\System32\OLEAUT32.dll
0x00007fff9b300000 - 0x00007fff9b332000 	C:\WINDOWS\SYSTEM32\dbgcore.DLL
0x00007fffa5cf0000 - 0x00007fffa5d6b000 	C:\WINDOWS\System32\bcryptPrimitives.dll
0x00007fff8aec0000 - 0x00007fff8aecf000 	C:\Users\youcode\.jdks\openjdk-22.0.1\bin\instrument.dll
0x00007fff812a0000 - 0x00007fff812be000 	C:\Users\youcode\.jdks\openjdk-22.0.1\bin\java.dll
0x00007fffa7600000 - 0x00007fffa7e67000 	C:\WINDOWS\System32\SHELL32.dll
0x00007fffa7f20000 - 0x00007fffa80c5000 	C:\WINDOWS\System32\ole32.dll

dbghelp: loaded successfully - version: 4.0.5 - missing functions: none
symbol engine: initialized successfully - sym options: 0x614 - pdb path: .;C:\Users\youcode\.jdks\openjdk-22.0.1\bin;C:\WINDOWS\SYSTEM32;C:\WINDOWS\WinSxS\amd64_microsoft.windows.common-controls_6595b64144ccf1df_6.0.22621.3672_none_2713b9d173822955;C:\Users\youcode\.jdks\openjdk-22.0.1\bin\server

VM Arguments:
jvm_args: -javaagent:C:\Program Files\JetBrains\IntelliJ IDEA 2023.1.2\lib\idea_rt.jar=63036:C:\Program Files\JetBrains\IntelliJ IDEA 2023.1.2\bin -Dfile.encoding=UTF-8 -Dsun.stdout.encoding=UTF-8 -Dsun.stderr.encoding=UTF-8 
java_command: org.views.Main
java_class_path (initial): C:\Users\youcode\Documents\Briefs\Bati_Cuisine_LoussalMohammed\out\production\Bati_Cuisine_LoussalMohammed;C:\Users\youcode\Desktop\JavaBcrypt\jbcrypt-0.4.jar;C:\Users\youcode\.m2\repository\org\jetbrains\kotlin\kotlin-stdlib-jdk8\1.8.21\kotlin-stdlib-jdk8-1.8.21.jar;C:\Users\youcode\.m2\repository\org\jetbrains\kotlin\kotlin-stdlib\1.8.21\kotlin-stdlib-1.8.21.jar;C:\Users\youcode\.m2\repository\org\jetbrains\kotlin\kotlin-stdlib-common\1.8.21\kotlin-stdlib-common-1.8.21.jar;C:\Users\youcode\.m2\repository\org\jetbrains\annotations\13.0\annotations-13.0.jar;C:\Users\youcode\.m2\repository\org\jetbrains\kotlin\kotlin-stdlib-jdk7\1.8.21\kotlin-stdlib-jdk7-1.8.21.jar;C:\Users\youcode\Desktop\JDBC\postgresql-42.7.4.jar
Launcher Type: SUN_STANDARD

[Global flags]
     intx CICompilerCount                          = 4                                         {product} {ergonomic}
     uint ConcGCThreads                            = 2                                         {product} {ergonomic}
     uint G1ConcRefinementThreads                  = 8                                         {product} {ergonomic}
   size_t G1HeapRegionSize                         = 1048576                                   {product} {ergonomic}
   size_t InitialHeapSize                          = 132120576                                 {product} {ergonomic}
   size_t MarkStackSize                            = 4194304                                   {product} {ergonomic}
   size_t MaxHeapSize                              = 2090860544                                {product} {ergonomic}
   size_t MinHeapDeltaBytes                        = 1048576                                   {product} {ergonomic}
   size_t MinHeapSize                              = 8388608                                   {product} {ergonomic}
    uintx NonNMethodCodeHeapSize                   = 5839372                                {pd product} {ergonomic}
    uintx NonProfiledCodeHeapSize                  = 122909434                              {pd product} {ergonomic}
    uintx ProfiledCodeHeapSize                     = 122909434                              {pd product} {ergonomic}
    uintx ReservedCodeCacheSize                    = 251658240                              {pd product} {ergonomic}
     bool SegmentedCodeCache                       = true                                      {product} {ergonomic}
   size_t SoftMaxHeapSize                          = 2090860544                             {manageable} {ergonomic}
     bool UseCompressedOops                        = true                           {product lp64_product} {ergonomic}
     bool UseG1GC                                  = true                                      {product} {ergonomic}
     bool UseLargePagesIndividualAllocation        = false                                  {pd product} {ergonomic}

Logging:
Log output configuration:
 #0: stdout all=warning uptime,level,tags foldmultilines=false
 #1: stderr all=off uptime,level,tags foldmultilines=false

Environment Variables:
PATH=C:\WINDOWS\system32;C:\WINDOWS;C:\WINDOWS\System32\Wbem;C:\WINDOWS\System32\WindowsPowerShell\v1.0\;C:\WINDOWS\System32\OpenSSH\;C:\Program Files\Git\cmd;C:\msys64\mingw64\bin;C:\jdk\jdk-21_windows-x64_bin\jdk-21\bin;C:\Program Files\nodejs\;C:\ProgramData\chocolatey\bin;C:\Program Files\Amazon\AWSCLIV2\;C:\Program Files\JetBrains\WebStorm 2023.1.2\bin;C:\composer;C:\Users\youcode\Documents\mysql\mysql-8.3.0-winx64\bin;C:\apache24\bin;C:\php;C:\Program Files\PostgreSQL\16\bin;C:\Path\To\Your\Laravel\Project\vendor\bin;C:\Program Files\Git\bin;C:\Program Files\Docker\Docker\resources\bin;C:\Program Files\Go\bin;C:\msys64\mingw32\bin;C:\Users\youcode\AppData\Local\Microsoft\WindowsApps;C:\Users\youcode\AppData\Local\Programs\Microsoft VS Code\bin;C:\Program Files\JetBrains\WebStorm 2022.1.1\bin;;C:\Users\youcode\AppData\Local\GitHubDesktop\bin;;C:\Program Files\JetBrains\PhpStorm 2023.1.3\bin;;C:\Users\youcode\AppData\Roaming\npm;C:\xampp\php;C:\Users\youcode\composer;C:\Users\youcode\AppData\Roaming\Composer\vendor\bin;C:\Users\youcode\go\bin
USERNAME=youcode
OS=Windows_NT
PROCESSOR_IDENTIFIER=Intel64 Family 6 Model 140 Stepping 1, GenuineIntel
TMP=C:\Users\youcode\AppData\Local\Temp
TEMP=C:\Users\youcode\AppData\Local\Temp




Periodic native trim disabled

---------------  S Y S T E M  ---------------

OS:
 Windows 11 , 64 bit Build 22621 (10.0.22621.3958)
OS uptime: 3 days 18:56 hours
Hyper-V role detected

CPU: total 8 (initial active 8) (4 cores per cpu, 2 threads per core) family 6 model 140 stepping 1 microcode 0xa4, cx8, cmov, fxsr, ht, mmx, 3dnowpref, sse, sse2, sse3, ssse3, sse4.1, sse4.2, popcnt, lzcnt, tsc, tscinvbit, avx, avx2, aes, erms, clmul, bmi1, bmi2, adx, avx512f, avx512dq, avx512cd, avx512bw, avx512vl, sha, fma, vzeroupper, avx512_vpopcntdq, avx512_vpclmulqdq, avx512_vaes, avx512_vnni, clflush, clflushopt, clwb, avx512_vbmi2, avx512_vbmi, hv, rdtscp, rdpid, fsrm, gfni, avx512_bitalg, f16c, cet_ibt, cet_ss, avx512_ifma
Processor Information for processor 0
  Max Mhz: 2419, Current Mhz: 2419, Mhz Limit: 2419
Processor Information for processor 1
  Max Mhz: 2419, Current Mhz: 2419, Mhz Limit: 2419
Processor Information for processor 2
  Max Mhz: 2419, Current Mhz: 1209, Mhz Limit: 2419
Processor Information for processor 3
  Max Mhz: 2419, Current Mhz: 2419, Mhz Limit: 2419
Processor Information for processor 4
  Max Mhz: 2419, Current Mhz: 2419, Mhz Limit: 2419
Processor Information for processor 5
  Max Mhz: 2419, Current Mhz: 2419, Mhz Limit: 2419
Processor Information for processor 6
  Max Mhz: 2419, Current Mhz: 2419, Mhz Limit: 2419
Processor Information for processor 7
  Max Mhz: 2419, Current Mhz: 2419, Mhz Limit: 2419

Memory: 4k page, system-wide physical 7975M (74M free)
TotalPageFile size 32551M (AvailPageFile size 101M)
current process WorkingSet (physical memory assigned to process): 12M, peak: 12M
current process commit charge ("private bytes"): 60M, peak: 186M

vm_info: OpenJDK 64-Bit Server VM (22.0.1+8-16) for windows-amd64 JRE (22.0.1+8-16), built on 2024-03-12T10:33:16Z by "mach5one" with MS VC++ 17.6 (VS2022)

END.
